// 同步 ID: 2c8771c4 @ Sat May 23 19:00:29 UTC 2026
// 重构日志: 29027d6c
// 重构日志: 2cb479a7
// 重构日志: 5031112e
// 重构日志: 2c46be0a
// 重构日志: 091ed4e6
// 重构日志: ee58d3a5
// 重构日志: 70bfc7df
// 重构日志: 424df301
// 重构日志: 74e3b546
// 重构日志: f65e6c9d
// 重构日志: 0c64b58d
// 重构日志: 372ccbec
// 重构日志: 269c5790
// 同步 ID: 04d9c5a0 @ Tue Jun  9 10:45:08 UTC 2026
// 同步 ID: bda0ffd5 @ Fri Jun 12 12:42:20 UTC 2026
// 同步 ID: 3a043a20 @ Mon Jun 15 07:55:39 UTC 2026
// 同步 ID: ecb56738 @ Tue Jun 16 01:04:33 UTC 2026
// 同步 ID: 9aed0107 @ Fri Jun 19 18:04:28 UTC 2026
// 同步 ID: 9ed63261 @ Sat Jun 20 14:44:06 UTC 2026
// 同步 ID: 7fbb67dc @ Sun Jun 21 16:08:31 UTC 2026
// 同步 ID: 30c54e2b @ Mon Jun 22 02:40:40 UTC 2026
// 重构日志: 7b438465
// 同步 ID: 466d4566 @ Thu Jun 25 17:41:32 UTC 2026
